[ 2015-06-02T16:28:53+08:00 ] 127.0.0.1 /weixintp/
INFO: [ app_init ] --START--
INFO: Run Behavior\BuildLiteBehavior [ RunTime:0.000028s ]
INFO: [ app_init ] --END-- [ RunTime:0.001512s ]
INFO: [ app_begin ] --START--
INFO: Run Behavior\ReadHtmlCacheBehavior [ RunTime:0.002171s ]
INFO: [ app_begin ] --END-- [ RunTime:0.002306s ]
NOTIC: [8] Undefined offset: 1 E:\www\weixintp\ThinkPHP\Library\Think\Session\Driver\Db.class.php 第 124 行.
NOTIC: [2] mysql_query() expects parameter 2 to be resource, null given E:\www\weixintp\ThinkPHP\Library\Think\Session\Driver\Db.class.php 第 125 行.

[ 2015-06-02T16:29:01+08:00 ] 127.0.0.1 /weixintp/
INFO: [ app_init ] --START--
INFO: Run Behavior\BuildLiteBehavior [ RunTime:0.000027s ]
INFO: [ app_init ] --END-- [ RunTime:0.000857s ]
INFO: [ app_begin ] --START--
INFO: Run Behavior\ReadHtmlCacheBehavior [ RunTime:0.001120s ]
INFO: [ app_begin ] --END-- [ RunTime:0.001230s ]
NOTIC: [8] Undefined offset: 1 E:\www\weixintp\ThinkPHP\Library\Think\Session\Driver\Db.class.php 第 124 行.
NOTIC: [2] mysql_query() expects parameter 2 to be resource, null given E:\www\weixintp\ThinkPHP\Library\Think\Session\Driver\Db.class.php 第 125 行.

[ 2015-06-02T16:29:02+08:00 ] 127.0.0.1 /weixintp/
INFO: [ app_init ] --START--
INFO: Run Behavior\BuildLiteBehavior [ RunTime:0.000027s ]
INFO: [ app_init ] --END-- [ RunTime:0.000849s ]
INFO: [ app_begin ] --START--
INFO: Run Behavior\ReadHtmlCacheBehavior [ RunTime:0.001239s ]
INFO: [ app_begin ] --END-- [ RunTime:0.001357s ]
NOTIC: [8] Undefined offset: 1 E:\www\weixintp\ThinkPHP\Library\Think\Session\Driver\Db.class.php 第 124 行.
NOTIC: [2] mysql_query() expects parameter 2 to be resource, null given E:\www\weixintp\ThinkPHP\Library\Think\Session\Driver\Db.class.php 第 125 行.

[ 2015-06-02T16:29:05+08:00 ] 127.0.0.1 /weixintp/
INFO: [ app_init ] --START--
INFO: Run Behavior\BuildLiteBehavior [ RunTime:0.000024s ]
INFO: [ app_init ] --END-- [ RunTime:0.000712s ]
INFO: [ app_begin ] --START--
INFO: Run Behavior\ReadHtmlCacheBehavior [ RunTime:0.001092s ]
INFO: [ app_begin ] --END-- [ RunTime:0.001196s ]
NOTIC: [8] Undefined offset: 1 E:\www\weixintp\ThinkPHP\Library\Think\Session\Driver\Db.class.php 第 124 行.
NOTIC: [2] mysql_query() expects parameter 2 to be resource, null given E:\www\weixintp\ThinkPHP\Library\Think\Session\Driver\Db.class.php 第 125 行.

[ 2015-06-02T16:29:06+08:00 ] 127.0.0.1 /weixintp/
INFO: [ app_init ] --START--
INFO: Run Behavior\BuildLiteBehavior [ RunTime:0.000023s ]
INFO: [ app_init ] --END-- [ RunTime:0.000696s ]
INFO: [ app_begin ] --START--
INFO: Run Behavior\ReadHtmlCacheBehavior [ RunTime:0.001091s ]
INFO: [ app_begin ] --END-- [ RunTime:0.001192s ]
NOTIC: [8] Undefined offset: 1 E:\www\weixintp\ThinkPHP\Library\Think\Session\Driver\Db.class.php 第 124 行.
NOTIC: [2] mysql_query() expects parameter 2 to be resource, null given E:\www\weixintp\ThinkPHP\Library\Think\Session\Driver\Db.class.php 第 125 行.

[ 2015-06-02T16:29:12+08:00 ] 127.0.0.1 /weixintp/
INFO: [ app_init ] --START--
INFO: Run Behavior\BuildLiteBehavior [ RunTime:0.000028s ]
INFO: [ app_init ] --END-- [ RunTime:0.000984s ]
INFO: [ app_begin ] --START--
INFO: Run Behavior\ReadHtmlCacheBehavior [ RunTime:0.001260s ]
INFO: [ app_begin ] --END-- [ RunTime:0.001383s ]
NOTIC: [8] Undefined offset: 1 E:\www\weixintp\ThinkPHP\Library\Think\Session\Driver\Db.class.php 第 124 行.
NOTIC: [2] mysql_query() expects parameter 2 to be resource, null given E:\www\weixintp\ThinkPHP\Library\Think\Session\Driver\Db.class.php 第 125 行.

[ 2015-06-02T16:29:31+08:00 ] 127.0.0.1 /weixintp/
INFO: [ app_init ] --START--
INFO: Run Behavior\BuildLiteBehavior [ RunTime:0.000025s ]
INFO: [ app_init ] --END-- [ RunTime:0.000740s ]
INFO: [ app_begin ] --START--
INFO: Run Behavior\ReadHtmlCacheBehavior [ RunTime:0.001121s ]
INFO: [ app_begin ] --END-- [ RunTime:0.001241s ]
NOTIC: [8] Undefined offset: 1 E:\www\weixintp\ThinkPHP\Library\Think\Session\Driver\Db.class.php 第 124 行.
NOTIC: [2] mysql_query() expects parameter 2 to be resource, null given E:\www\weixintp\ThinkPHP\Library\Think\Session\Driver\Db.class.php 第 125 行.

[ 2015-06-02T16:29:32+08:00 ] 127.0.0.1 /weixintp/
INFO: [ app_init ] --START--
INFO: Run Behavior\BuildLiteBehavior [ RunTime:0.000024s ]
INFO: [ app_init ] --END-- [ RunTime:0.000697s ]
INFO: [ app_begin ] --START--
INFO: Run Behavior\ReadHtmlCacheBehavior [ RunTime:0.001082s ]
INFO: [ app_begin ] --END-- [ RunTime:0.001187s ]
NOTIC: [8] Undefined offset: 1 E:\www\weixintp\ThinkPHP\Library\Think\Session\Driver\Db.class.php 第 124 行.
NOTIC: [2] mysql_query() expects parameter 2 to be resource, null given E:\www\weixintp\ThinkPHP\Library\Think\Session\Driver\Db.class.php 第 125 行.

[ 2015-06-02T16:29:35+08:00 ] 127.0.0.1 /weixintp/
INFO: [ app_init ] --START--
INFO: Run Behavior\BuildLiteBehavior [ RunTime:0.000026s ]
INFO: [ app_init ] --END-- [ RunTime:0.000831s ]
INFO: [ app_begin ] --START--
INFO: Run Behavior\ReadHtmlCacheBehavior [ RunTime:0.001282s ]
INFO: [ app_begin ] --END-- [ RunTime:0.001404s ]
NOTIC: [8] Undefined offset: 1 E:\www\weixintp\ThinkPHP\Library\Think\Session\Driver\Db.class.php 第 124 行.
NOTIC: [2] mysql_query() expects parameter 2 to be resource, null given E:\www\weixintp\ThinkPHP\Library\Think\Session\Driver\Db.class.php 第 125 行.

[ 2015-06-02T16:29:36+08:00 ] 127.0.0.1 /weixintp/
INFO: [ app_init ] --START--
INFO: Run Behavior\BuildLiteBehavior [ RunTime:0.000024s ]
INFO: [ app_init ] --END-- [ RunTime:0.000720s ]
INFO: [ app_begin ] --START--
INFO: Run Behavior\ReadHtmlCacheBehavior [ RunTime:0.001486s ]
INFO: [ app_begin ] --END-- [ RunTime:0.001606s ]
NOTIC: [8] Undefined offset: 1 E:\www\weixintp\ThinkPHP\Library\Think\Session\Driver\Db.class.php 第 124 行.
NOTIC: [2] mysql_query() expects parameter 2 to be resource, null given E:\www\weixintp\ThinkPHP\Library\Think\Session\Driver\Db.class.php 第 125 行.

[ 2015-06-02T16:30:56+08:00 ] 127.0.0.1 /weixintp/
INFO: [ app_init ] --START--
INFO: Run Behavior\BuildLiteBehavior [ RunTime:0.000024s ]
INFO: [ app_init ] --END-- [ RunTime:0.000710s ]
INFO: [ app_begin ] --START--
INFO: Run Behavior\ReadHtmlCacheBehavior [ RunTime:0.001345s ]
INFO: [ app_begin ] --END-- [ RunTime:0.001483s ]
NOTIC: [8] Undefined offset: 1 E:\www\weixintp\ThinkPHP\Library\Think\Session\Driver\Db.class.php 第 124 行.
NOTIC: [2] mysql_query() expects parameter 2 to be resource, null given E:\www\weixintp\ThinkPHP\Library\Think\Session\Driver\Db.class.php 第 125 行.

[ 2015-06-02T16:30:58+08:00 ] 127.0.0.1 /weixintp/
INFO: [ app_init ] --START--
INFO: Run Behavior\BuildLiteBehavior [ RunTime:0.000025s ]
INFO: [ app_init ] --END-- [ RunTime:0.000732s ]
INFO: [ app_begin ] --START--
INFO: Run Behavior\ReadHtmlCacheBehavior [ RunTime:0.001088s ]
INFO: [ app_begin ] --END-- [ RunTime:0.001191s ]
NOTIC: [8] Undefined offset: 1 E:\www\weixintp\ThinkPHP\Library\Think\Session\Driver\Db.class.php 第 124 行.
NOTIC: [2] mysql_query() expects parameter 2 to be resource, null given E:\www\weixintp\ThinkPHP\Library\Think\Session\Driver\Db.class.php 第 125 行.

[ 2015-06-02T16:31:29+08:00 ] 127.0.0.1 /weixintp/
INFO: [ app_init ] --START--
INFO: Run Behavior\BuildLiteBehavior [ RunTime:0.000025s ]
INFO: [ app_init ] --END-- [ RunTime:0.000773s ]
INFO: [ app_begin ] --START--
INFO: Run Behavior\ReadHtmlCacheBehavior [ RunTime:0.001107s ]
INFO: [ app_begin ] --END-- [ RunTime:0.001221s ]
NOTIC: [8] Undefined offset: 1 E:\www\weixintp\ThinkPHP\Library\Think\Session\Driver\Db.class.php 第 124 行.
NOTIC: [2] mysql_query() expects parameter 2 to be resource, null given E:\www\weixintp\ThinkPHP\Library\Think\Session\Driver\Db.class.php 第 125 行.

[ 2015-06-02T16:31:38+08:00 ] 127.0.0.1 /weixintp/
INFO: [ app_init ] --START--
INFO: Run Behavior\BuildLiteBehavior [ RunTime:0.000024s ]
INFO: [ app_init ] --END-- [ RunTime:0.000708s ]
INFO: [ app_begin ] --START--
INFO: Run Behavior\ReadHtmlCacheBehavior [ RunTime:0.001124s ]
INFO: [ app_begin ] --END-- [ RunTime:0.001238s ]
NOTIC: [8] Undefined offset: 1 E:\www\weixintp\ThinkPHP\Library\Think\Session\Driver\Db.class.php 第 124 行.
NOTIC: [2] mysql_query() expects parameter 2 to be resource, null given E:\www\weixintp\ThinkPHP\Library\Think\Session\Driver\Db.class.php 第 125 行.

[ 2015-06-02T16:31:39+08:00 ] 127.0.0.1 /weixintp/
INFO: [ app_init ] --START--
INFO: Run Behavior\BuildLiteBehavior [ RunTime:0.000025s ]
INFO: [ app_init ] --END-- [ RunTime:0.000770s ]
INFO: [ app_begin ] --START--
INFO: Run Behavior\ReadHtmlCacheBehavior [ RunTime:0.009742s ]
INFO: [ app_begin ] --END-- [ RunTime:0.009891s ]
NOTIC: [8] Undefined offset: 1 E:\www\weixintp\ThinkPHP\Library\Think\Session\Driver\Db.class.php 第 124 行.
NOTIC: [2] mysql_query() expects parameter 2 to be resource, null given E:\www\weixintp\ThinkPHP\Library\Think\Session\Driver\Db.class.php 第 125 行.

[ 2015-06-02T16:32:39+08:00 ] 127.0.0.1 /weixintp/
INFO: [ app_init ] --START--
INFO: Run Behavior\BuildLiteBehavior [ RunTime:0.000028s ]
INFO: [ app_init ] --END-- [ RunTime:0.000959s ]
INFO: [ app_begin ] --START--
INFO: Run Behavior\ReadHtmlCacheBehavior [ RunTime:0.001144s ]
INFO: [ app_begin ] --END-- [ RunTime:0.001256s ]
NOTIC: [8] Undefined offset: 1 E:\www\weixintp\ThinkPHP\Library\Think\Session\Driver\Db.class.php 第 124 行.
NOTIC: [2] mysql_query() expects parameter 2 to be resource, null given E:\www\weixintp\ThinkPHP\Library\Think\Session\Driver\Db.class.php 第 125 行.

[ 2015-06-02T16:32:44+08:00 ] 127.0.0.1 /weixintp/
INFO: [ app_init ] --START--
INFO: Run Behavior\BuildLiteBehavior [ RunTime:0.000028s ]
INFO: [ app_init ] --END-- [ RunTime:0.000856s ]
INFO: [ app_begin ] --START--
INFO: Run Behavior\ReadHtmlCacheBehavior [ RunTime:0.001749s ]
INFO: [ app_begin ] --END-- [ RunTime:0.001876s ]
NOTIC: [8] Undefined offset: 1 E:\www\weixintp\ThinkPHP\Library\Think\Session\Driver\Db.class.php 第 124 行.
NOTIC: [2] mysql_query() expects parameter 2 to be resource, null given E:\www\weixintp\ThinkPHP\Library\Think\Session\Driver\Db.class.php 第 125 行.

[ 2015-06-02T16:32:45+08:00 ] 127.0.0.1 /weixintp/
INFO: [ app_init ] --START--
INFO: Run Behavior\BuildLiteBehavior [ RunTime:0.000024s ]
INFO: [ app_init ] --END-- [ RunTime:0.000701s ]
INFO: [ app_begin ] --START--
INFO: Run Behavior\ReadHtmlCacheBehavior [ RunTime:0.001130s ]
INFO: [ app_begin ] --END-- [ RunTime:0.001243s ]
NOTIC: [8] Undefined offset: 1 E:\www\weixintp\ThinkPHP\Library\Think\Session\Driver\Db.class.php 第 124 行.
NOTIC: [2] mysql_query() expects parameter 2 to be resource, null given E:\www\weixintp\ThinkPHP\Library\Think\Session\Driver\Db.class.php 第 125 行.

[ 2015-06-02T16:33:39+08:00 ] 127.0.0.1 /weixintp/
INFO: [ app_init ] --START--
INFO: Run Behavior\BuildLiteBehavior [ RunTime:0.000024s ]
INFO: [ app_init ] --END-- [ RunTime:0.000746s ]
INFO: [ app_begin ] --START--
INFO: Run Behavior\ReadHtmlCacheBehavior [ RunTime:0.001140s ]
INFO: [ app_begin ] --END-- [ RunTime:0.001257s ]
NOTIC: [8] Undefined offset: 1 E:\www\weixintp\ThinkPHP\Library\Think\Session\Driver\Db.class.php 第 124 行.
NOTIC: [2] mysql_query() expects parameter 2 to be resource, null given E:\www\weixintp\ThinkPHP\Library\Think\Session\Driver\Db.class.php 第 125 行.

[ 2015-06-02T16:33:40+08:00 ] 127.0.0.1 /weixintp/
INFO: [ app_init ] --START--
INFO: Run Behavior\BuildLiteBehavior [ RunTime:0.000025s ]
INFO: [ app_init ] --END-- [ RunTime:0.000903s ]
INFO: [ app_begin ] --START--
INFO: Run Behavior\ReadHtmlCacheBehavior [ RunTime:0.001198s ]
INFO: [ app_begin ] --END-- [ RunTime:0.001313s ]
NOTIC: [8] Undefined offset: 1 E:\www\weixintp\ThinkPHP\Library\Think\Session\Driver\Db.class.php 第 124 行.
NOTIC: [2] mysql_query() expects parameter 2 to be resource, null given E:\www\weixintp\ThinkPHP\Library\Think\Session\Driver\Db.class.php 第 125 行.

[ 2015-06-02T16:34:36+08:00 ] 127.0.0.1 /weixintp/
INFO: [ app_init ] --START--
INFO: Run Behavior\BuildLiteBehavior [ RunTime:0.000027s ]
INFO: [ app_init ] --END-- [ RunTime:0.000703s ]
INFO: [ app_begin ] --START--
INFO: Run Behavior\ReadHtmlCacheBehavior [ RunTime:0.001104s ]
INFO: [ app_begin ] --END-- [ RunTime:0.001209s ]
NOTIC: [8] Undefined offset: 1 E:\www\weixintp\ThinkPHP\Library\Think\Session\Driver\Db.class.php 第 124 行.
NOTIC: [2] mysql_query() expects parameter 2 to be resource, null given E:\www\weixintp\ThinkPHP\Library\Think\Session\Driver\Db.class.php 第 125 行.

[ 2015-06-02T16:34:37+08:00 ] 127.0.0.1 /weixintp/
INFO: [ app_init ] --START--
INFO: Run Behavior\BuildLiteBehavior [ RunTime:0.000026s ]
INFO: [ app_init ] --END-- [ RunTime:0.000832s ]
INFO: [ app_begin ] --START--
INFO: Run Behavior\ReadHtmlCacheBehavior [ RunTime:0.001392s ]
INFO: [ app_begin ] --END-- [ RunTime:0.001524s ]
NOTIC: [8] Undefined offset: 1 E:\www\weixintp\ThinkPHP\Library\Think\Session\Driver\Db.class.php 第 124 行.
NOTIC: [2] mysql_query() expects parameter 2 to be resource, null given E:\www\weixintp\ThinkPHP\Library\Think\Session\Driver\Db.class.php 第 125 行.

[ 2015-06-02T16:40:23+08:00 ] 127.0.0.1 /weixintp/
INFO: [ app_init ] --START--
INFO: Run Behavior\BuildLiteBehavior [ RunTime:0.000030s ]
INFO: [ app_init ] --END-- [ RunTime:0.002848s ]
INFO: [ app_begin ] --START--
INFO: Run Behavior\ReadHtmlCacheBehavior [ RunTime:0.013721s ]
INFO: [ app_begin ] --END-- [ RunTime:0.013870s ]

[ 2015-06-02T16:41:02+08:00 ] 127.0.0.1 /weixintp/
INFO: [ app_init ] --START--
INFO: Run Behavior\BuildLiteBehavior [ RunTime:0.000030s ]
INFO: [ app_init ] --END-- [ RunTime:0.001579s ]
INFO: [ app_begin ] --START--
INFO: Run Behavior\ReadHtmlCacheBehavior [ RunTime:0.005734s ]
INFO: [ app_begin ] --END-- [ RunTime:0.005876s ]

[ 2015-06-02T16:41:31+08:00 ] 127.0.0.1 /weixintp/
INFO: [ app_init ] --START--
INFO: Run Behavior\BuildLiteBehavior [ RunTime:0.000026s ]
INFO: [ app_init ] --END-- [ RunTime:0.000829s ]
INFO: [ app_begin ] --START--
INFO: Run Behavior\ReadHtmlCacheBehavior [ RunTime:0.001450s ]
INFO: [ app_begin ] --END-- [ RunTime:0.001607s ]
NOTIC: [8] Undefined variable: jsonmenu E:\www\weixintp\Application\Home\Controller\IndexController.class.php 第 24 行.
INFO: [ app_end ] --START--
INFO: Run Behavior\ShowPageTraceBehavior [ RunTime:0.034344s ]
INFO: [ app_end ] --END-- [ RunTime:0.034480s ]

[ 2015-06-02T16:41:44+08:00 ] 127.0.0.1 /weixintp/
INFO: [ app_init ] --START--
INFO: Run Behavior\BuildLiteBehavior [ RunTime:0.000024s ]
INFO: [ app_init ] --END-- [ RunTime:0.000689s ]
INFO: [ app_begin ] --START--
INFO: Run Behavior\ReadHtmlCacheBehavior [ RunTime:0.001305s ]
INFO: [ app_begin ] --END-- [ RunTime:0.001431s ]
NOTIC: [8] Undefined variable: jsonmenu E:\www\weixintp\Application\Home\Controller\IndexController.class.php 第 24 行.
INFO: [ app_end ] --START--
INFO: Run Behavior\ShowPageTraceBehavior [ RunTime:0.001532s ]
INFO: [ app_end ] --END-- [ RunTime:0.001665s ]

[ 2015-06-02T16:43:01+08:00 ] 127.0.0.1 /weixintp/index.php
INFO: [ app_init ] --START--
INFO: Run Behavior\BuildLiteBehavior [ RunTime:0.000025s ]
INFO: [ app_init ] --END-- [ RunTime:0.000699s ]
INFO: [ app_begin ] --START--
INFO: Run Behavior\ReadHtmlCacheBehavior [ RunTime:0.001438s ]
INFO: [ app_begin ] --END-- [ RunTime:0.001562s ]
NOTIC: [8] Undefined variable: jsonmenu E:\www\weixintp\Application\Home\Controller\IndexController.class.php 第 24 行.
INFO: [ app_end ] --START--
INFO: Run Behavior\ShowPageTraceBehavior [ RunTime:0.001545s ]
INFO: [ app_end ] --END-- [ RunTime:0.001675s ]

[ 2015-06-02T16:43:21+08:00 ] 127.0.0.1 /weixintp/index.php
INFO: [ app_init ] --START--
INFO: Run Behavior\BuildLiteBehavior [ RunTime:0.000024s ]
INFO: [ app_init ] --END-- [ RunTime:0.000712s ]
INFO: [ app_begin ] --START--
INFO: Run Behavior\ReadHtmlCacheBehavior [ RunTime:0.001255s ]
INFO: [ app_begin ] --END-- [ RunTime:0.001376s ]
NOTIC: [8] Undefined variable: jsonmenu E:\www\weixintp\Application\Home\Controller\IndexController.class.php 第 24 行.
INFO: [ app_end ] --START--
INFO: Run Behavior\ShowPageTraceBehavior [ RunTime:0.001531s ]
INFO: [ app_end ] --END-- [ RunTime:0.001660s ]

[ 2015-06-02T16:43:43+08:00 ] 127.0.0.1 /weixintp/index.php/home/index/token
INFO: [ app_init ] --START--
INFO: Run Behavior\BuildLiteBehavior [ RunTime:0.001294s ]
INFO: [ app_init ] --END-- [ RunTime:0.002112s ]
INFO: [ app_begin ] --START--
INFO: Run Behavior\ReadHtmlCacheBehavior [ RunTime:0.001471s ]
INFO: [ app_begin ] --END-- [ RunTime:0.001596s ]
INFO: [ app_end ] --START--
INFO: Run Behavior\ShowPageTraceBehavior [ RunTime:0.001585s ]
INFO: [ app_end ] --END-- [ RunTime:0.001713s ]

[ 2015-06-02T17:10:16+08:00 ] 127.0.0.1 /weixintp/
INFO: [ app_init ] --START--
INFO: Run Behavior\BuildLiteBehavior [ RunTime:0.000029s ]
INFO: [ app_init ] --END-- [ RunTime:0.000829s ]
INFO: [ app_begin ] --START--
INFO: Run Behavior\ReadHtmlCacheBehavior [ RunTime:0.002668s ]
INFO: [ app_begin ] --END-- [ RunTime:0.002820s ]
NOTIC: [8] Undefined variable: jsonmenu E:\www\weixintp\Application\Home\Controller\IndexController.class.php 第 24 行.
INFO: [ app_end ] --START--
INFO: Run Behavior\ShowPageTraceBehavior [ RunTime:0.002032s ]
INFO: [ app_end ] --END-- [ RunTime:0.002163s ]

[ 2015-06-02T17:10:24+08:00 ] 127.0.0.1 /weixintp/index.php/home/index/token
INFO: [ app_init ] --START--
INFO: Run Behavior\BuildLiteBehavior [ RunTime:0.000029s ]
INFO: [ app_init ] --END-- [ RunTime:0.001207s ]
INFO: [ app_begin ] --START--
INFO: Run Behavior\ReadHtmlCacheBehavior [ RunTime:0.001901s ]
INFO: [ app_begin ] --END-- [ RunTime:0.002029s ]
INFO: [ app_end ] --START--
INFO: Run Behavior\ShowPageTraceBehavior [ RunTime:0.001328s ]
INFO: [ app_end ] --END-- [ RunTime:0.001443s ]

[ 2015-06-02T17:10:35+08:00 ] 127.0.0.1 /weixintp/index.php/home/index/upimage
INFO: [ app_init ] --START--
INFO: Run Behavior\BuildLiteBehavior [ RunTime:0.000026s ]
INFO: [ app_init ] --END-- [ RunTime:0.000835s ]
INFO: [ app_begin ] --START--
INFO: Run Behavior\ReadHtmlCacheBehavior [ RunTime:0.001559s ]
INFO: [ app_begin ] --END-- [ RunTime:0.001687s ]
INFO: [ view_parse ] --START--
INFO: [ template_filter ] --START--
INFO: Run Behavior\ContentReplaceBehavior [ RunTime:0.000049s ]
INFO: [ template_filter ] --END-- [ RunTime:0.000154s ]
INFO: Run Behavior\ParseTemplateBehavior [ RunTime:0.013383s ]
INFO: [ view_parse ] --END-- [ RunTime:0.013511s ]
INFO: [ view_filter ] --START--
INFO: Run Behavior\WriteHtmlCacheBehavior [ RunTime:0.000997s ]
INFO: [ view_filter ] --END-- [ RunTime:0.001088s ]
INFO: [ app_end ] --START--
INFO: Run Behavior\ShowPageTraceBehavior [ RunTime:0.001289s ]
INFO: [ app_end ] --END-- [ RunTime:0.001380s ]

[ 2015-06-02T17:11:07+08:00 ] 127.0.0.1 /weixintp/index.php/Home/Index/upimagereceive
INFO: [ app_init ] --START--
INFO: Run Behavior\BuildLiteBehavior [ RunTime:0.000026s ]
INFO: [ app_init ] --END-- [ RunTime:0.000689s ]
INFO: [ app_begin ] --START--
INFO: Run Behavior\ReadHtmlCacheBehavior [ RunTime:0.001122s ]
INFO: [ app_begin ] --END-- [ RunTime:0.001242s ]

[ 2015-06-02T17:11:44+08:00 ] 127.0.0.1 /weixintp/index.php/Home/Index/upimagereceive
INFO: [ app_init ] --START--
INFO: Run Behavior\BuildLiteBehavior [ RunTime:0.000031s ]
INFO: [ app_init ] --END-- [ RunTime:0.000883s ]
INFO: [ app_begin ] --START--
INFO: Run Behavior\ReadHtmlCacheBehavior [ RunTime:0.000924s ]
INFO: [ app_begin ] --END-- [ RunTime:0.001055s ]
INFO: [ app_end ] --START--
INFO: Run Behavior\ShowPageTraceBehavior [ RunTime:0.001243s ]
INFO: [ app_end ] --END-- [ RunTime:0.001405s ]

[ 2015-06-02T17:13:28+08:00 ] 127.0.0.1 /weixintp/index.php/Home/Index/upimagereceive
INFO: [ app_init ] --START--
INFO: Run Behavior\BuildLiteBehavior [ RunTime:0.000032s ]
INFO: [ app_init ] --END-- [ RunTime:0.000951s ]
INFO: [ app_begin ] --START--
INFO: Run Behavior\ReadHtmlCacheBehavior [ RunTime:0.001563s ]
INFO: [ app_begin ] --END-- [ RunTime:0.001706s ]
INFO: [ app_end ] --START--
INFO: Run Behavior\ShowPageTraceBehavior [ RunTime:0.001319s ]
INFO: [ app_end ] --END-- [ RunTime:0.001455s ]

[ 2015-06-02T17:22:54+08:00 ] 127.0.0.1 /weixintp/index.php/Home/Index/upimagereceive
INFO: [ app_init ] --START--
INFO: Run Behavior\BuildLiteBehavior [ RunTime:0.000028s ]
INFO: [ app_init ] --END-- [ RunTime:0.001470s ]
INFO: [ app_begin ] --START--
INFO: Run Behavior\ReadHtmlCacheBehavior [ RunTime:0.002597s ]
INFO: [ app_begin ] --END-- [ RunTime:0.002767s ]

[ 2015-06-02T17:23:29+08:00 ] 127.0.0.1 /weixintp/index.php/Home/Index/upimagereceive
INFO: [ app_init ] --START--
INFO: Run Behavior\BuildLiteBehavior [ RunTime:0.000051s ]
INFO: [ app_init ] --END-- [ RunTime:0.001349s ]
INFO: [ app_begin ] --START--
INFO: Run Behavior\ReadHtmlCacheBehavior [ RunTime:0.002211s ]
INFO: [ app_begin ] --END-- [ RunTime:0.002361s ]

[ 2015-06-02T17:24:25+08:00 ] 127.0.0.1 /weixintp/index.php/Home/Index/upimagereceive
INFO: [ app_init ] --START--
INFO: Run Behavior\BuildLiteBehavior [ RunTime:0.000028s ]
INFO: [ app_init ] --END-- [ RunTime:0.001098s ]
INFO: [ app_begin ] --START--
INFO: Run Behavior\ReadHtmlCacheBehavior [ RunTime:0.002203s ]
INFO: [ app_begin ] --END-- [ RunTime:0.002341s ]
SQL: SHOW COLUMNS FROM `weixintp_resource` [ RunTime:0.0063s ]
SQL: INSERT INTO `weixintp_resource` (`href`,`type`,`media_id`,`createtime`) VALUES ('E:\\www\\weixintp\\Public\\images/bg_passbox.png','image','FOTCQEaLansHUFGmOJ6i-j07CTaivgnZDCqqiJ5YbHxIFXyXNFQuESkoZQZ3Xa6V','1433237065') [ RunTime:0.0713s ]
INFO: [ app_end ] --START--
INFO: Run Behavior\ShowPageTraceBehavior [ RunTime:0.022969s ]
INFO: [ app_end ] --END-- [ RunTime:0.023088s ]

[ 2015-06-02T17:37:53+08:00 ] 127.0.0.1 /weixintp/index.php
INFO: [ app_init ] --START--
INFO: Run Behavior\BuildLiteBehavior [ RunTime:0.000033s ]
INFO: [ app_init ] --END-- [ RunTime:0.003493s ]
INFO: [ app_begin ] --START--
INFO: Run Behavior\ReadHtmlCacheBehavior [ RunTime:0.005143s ]
INFO: [ app_begin ] --END-- [ RunTime:0.005282s ]
INFO: [ view_parse ] --START--
INFO: [ template_filter ] --START--
INFO: Run Behavior\ContentReplaceBehavior [ RunTime:0.000087s ]
INFO: [ template_filter ] --END-- [ RunTime:0.000196s ]
INFO: Run Behavior\ParseTemplateBehavior [ RunTime:0.116596s ]
INFO: [ view_parse ] --END-- [ RunTime:0.116733s ]
INFO: [ view_filter ] --START--
INFO: Run Behavior\WriteHtmlCacheBehavior [ RunTime:0.045743s ]
INFO: [ view_filter ] --END-- [ RunTime:0.045859s ]
INFO: [ app_end ] --START--
INFO: Run Behavior\ShowPageTraceBehavior [ RunTime:0.022442s ]
INFO: [ app_end ] --END-- [ RunTime:0.022548s ]

[ 2015-06-02T17:37:54+08:00 ] 127.0.0.1 /weixintp/index.php/Home/Index/index
INFO: [ app_init ] --START--
INFO: Run Behavior\BuildLiteBehavior [ RunTime:0.000029s ]
INFO: [ app_init ] --END-- [ RunTime:0.000962s ]
INFO: [ app_begin ] --START--
INFO: Run Behavior\ReadHtmlCacheBehavior [ RunTime:0.002201s ]
INFO: [ app_begin ] --END-- [ RunTime:0.002346s ]
NOTIC: [8] Undefined variable: jsonmenu E:\www\weixintp\Application\Home\Controller\IndexController.class.php 第 24 行.
INFO: [ app_end ] --START--
INFO: Run Behavior\ShowPageTraceBehavior [ RunTime:0.002091s ]
INFO: [ app_end ] --END-- [ RunTime:0.002215s ]

[ 2015-06-02T17:37:58+08:00 ] 127.0.0.1 /weixintp/index.php/Home/Index/upimage
INFO: [ app_init ] --START--
INFO: Run Behavior\BuildLiteBehavior [ RunTime:0.000034s ]
INFO: [ app_init ] --END-- [ RunTime:0.001001s ]
INFO: [ app_begin ] --START--
INFO: Run Behavior\ReadHtmlCacheBehavior [ RunTime:0.001901s ]
INFO: [ app_begin ] --END-- [ RunTime:0.002030s ]
INFO: [ view_parse ] --START--
INFO: [ template_filter ] --START--
INFO: Run Behavior\ContentReplaceBehavior [ RunTime:0.000064s ]
INFO: [ template_filter ] --END-- [ RunTime:0.000200s ]
INFO: Run Behavior\ParseTemplateBehavior [ RunTime:0.030735s ]
INFO: [ view_parse ] --END-- [ RunTime:0.030943s ]
INFO: [ view_filter ] --START--
INFO: Run Behavior\WriteHtmlCacheBehavior [ RunTime:0.001816s ]
INFO: [ view_filter ] --END-- [ RunTime:0.001911s ]
INFO: [ app_end ] --START--
INFO: Run Behavior\ShowPageTraceBehavior [ RunTime:0.001904s ]
INFO: [ app_end ] --END-- [ RunTime:0.002010s ]

[ 2015-06-02T17:41:03+08:00 ] 127.0.0.1 /weixintp/index.php/Home/Index/upimagereceive
INFO: [ app_init ] --START--
INFO: Run Behavior\BuildLiteBehavior [ RunTime:0.000030s ]
INFO: [ app_init ] --END-- [ RunTime:0.000964s ]
INFO: [ app_begin ] --START--
INFO: Run Behavior\ReadHtmlCacheBehavior [ RunTime:0.001763s ]
INFO: [ app_begin ] --END-- [ RunTime:0.001894s ]
SQL: SHOW COLUMNS FROM `weixintp_resource` [ RunTime:0.0275s ]
SQL: INSERT INTO `weixintp_resource` (`href`,`type`,`media_id`,`createtime`) VALUES ('E:\\www\\weixintp\\Public\\img/logo.png','image','DW7-rHfXT_3XTUvN4NcmSr7W7ircxLLSynfwhzNV-V_kLe2qQOv4SvKwG7OGIrhe','1433238062') [ RunTime:0.1206s ]
INFO: [ app_end ] --START--
INFO: Run Behavior\ShowPageTraceBehavior [ RunTime:0.002455s ]
INFO: [ app_end ] --END-- [ RunTime:0.002568s ]

