[ 2015-06-02T16:42:05+08:00 ] 127.0.0.1 /weixintp/index.php/index/token
INFO: [ app_init ] --START--
INFO: Run Behavior\BuildLiteBehavior [ RunTime:0.000025s ]
INFO: [ app_init ] --END-- [ RunTime:0.000770s ]
ERR: 无法加载模块:Index

[ 2015-06-02T16:42:21+08:00 ] 127.0.0.1 /weixintp/index.php/Index/token
INFO: [ app_init ] --START--
INFO: Run Behavior\BuildLiteBehavior [ RunTime:0.000025s ]
INFO: [ app_init ] --END-- [ RunTime:0.000719s ]
ERR: 无法加载模块:Index

[ 2015-06-02T16:42:45+08:00 ] 127.0.0.1 /weixintp/index.php/Index/token
INFO: [ app_init ] --START--
INFO: Run Behavior\BuildLiteBehavior [ RunTime:0.000025s ]
INFO: [ app_init ] --END-- [ RunTime:0.000689s ]
ERR: 无法加载模块:Index

[ 2015-06-02T16:43:32+08:00 ] 127.0.0.1 /weixintp/index.php/index/token
INFO: [ app_init ] --START--
INFO: Run Behavior\BuildLiteBehavior [ RunTime:0.000028s ]
INFO: [ app_init ] --END-- [ RunTime:0.000760s ]
ERR: 无法加载模块:Index

